{
  "RSpec": {
    "coverage": {
      "/home/vagrant/hoge3/bigworld/app/helpers/application_helper.rb": [
        1,
        null,
        1,
        0,
        0,
        0,
        null,
        0,
        null,
        null,
        null,
        null
      ],
      "/home/vagrant/hoge3/bigworld/app/helpers/carts_helper.rb": [
        1,
        null
      ],
      "/home/vagrant/hoge3/bigworld/app/helpers/password_resets_helper.rb": [
        1,
        null
      ],
      "/home/vagrant/hoge3/bigworld/app/helpers/products_helper.rb": [
        1,
        null,
        null,
        null,
        null,
        null,
        null,
        null,
        null,
        null
      ],
      "/home/vagrant/hoge3/bigworld/app/helpers/sessions_helper.rb": [
        1,
        null,
        1,
        0,
        null,
        null,
        null,
        1,
        0,
        0,
        0,
        null,
        null,
        null,
        1,
        0,
        null,
        null,
        null,
        1,
        2,
        1,
        1,
        null,
        0,
        0,
        0,
        0,
        null,
        null,
        null,
        null,
        null,
        1,
        0,
        0,
        null,
        null,
        null,
        1,
        2,
        null,
        null,
        null,
        null,
        1,
        0,
        0,
        0,
        null,
        null,
        null,
        1,
        0,
        0,
        0,
        null,
        null,
        null,
        1,
        0,
        0,
        null,
        null,
        null,
        1,
        0,
        null,
        null,
        null,
        1,
        0,
        null,
        null
      ],
      "/home/vagrant/hoge3/bigworld/app/helpers/static_pages_helper.rb": [
        1,
        null
      ],
      "/home/vagrant/hoge3/bigworld/app/helpers/users_helper.rb": [
        1,
        null,
        1,
        0,
        0,
        0,
        null,
        null
      ],
      "/home/vagrant/hoge3/bigworld/app/controllers/products_controller.rb": [
        1,
        1,
        null,
        1,
        1,
        null,
        1,
        0,
        null,
        null,
        1,
        0,
        0,
        0,
        null,
        0,
        null,
        0,
        null,
        null,
        null,
        1,
        1,
        1,
        null,
        null,
        1,
        null,
        1,
        1,
        1,
        1,
        null,
        null,
        null,
        1,
        0,
        0,
        0,
        null,
        null,
        1,
        0,
        null,
        null,
        1,
        0,
        null,
        null,
        1,
        0,
        0,
        null,
        null,
        1,
        0,
        0,
        null,
        null,
        0,
        0,
        0,
        null,
        null,
        1,
        0,
        null,
        null,
        1,
        null,
        null,
        null,
        1,
        0,
        0,
        null,
        0,
        null,
        null,
        1,
        0,
        0,
        0,
        0,
        null,
        0,
        null,
        0,
        null,
        null,
        null,
        1,
        0,
        0,
        0,
        null,
        null,
        null,
        null,
        1,
        0,
        0,
        0,
        0,
        0,
        null,
        null,
        1,
        null,
        1,
        0,
        null,
        null,
        null,
        null,
        null,
        null,
        null,
        null,
        1,
        0,
        null,
        null,
        null,
        null,
        null,
        null,
        null,
        null,
        1,
        2,
        1,
        1,
        null,
        null,
        null,
        null,
        null,
        1,
        0,
        null,
        null,
        null,
        1,
        0,
        0,
        null,
        null,
        1,
        null,
        null,
        null
      ],
      "/home/vagrant/hoge3/bigworld/app/controllers/application_controller.rb": [
        1,
        1,
        1,
        null,
        1,
        null,
        null
      ],
      "/home/vagrant/hoge3/bigworld/app/models/user.rb": [
        1,
        1,
        1,
        1,
        1,
        3,
        1,
        1,
        1,
        null,
        null,
        1,
        1,
        1,
        1,
        1,
        1,
        1,
        1,
        null,
        null,
        1,
        0,
        null,
        0,
        null,
        null,
        null,
        1,
        0,
        null,
        null,
        null,
        1,
        0,
        0,
        null,
        null,
        null,
        null,
        1,
        0,
        0,
        null,
        null,
        null,
        null,
        1,
        0,
        null,
        null
      ],
      "/home/vagrant/hoge3/bigworld/app/models/application_record.rb": [
        1,
        1,
        null
      ],
      "/home/vagrant/hoge3/bigworld/app/models/product.rb": [
        1,
        1,
        1,
        1,
        1,
        1,
        null,
        1,
        1,
        null,
        null,
        null,
        null,
        null,
        null,
        null,
        null,
        1,
        0,
        0,
        null,
        0,
        null,
        null,
        null,
        null
      ],
      "/home/vagrant/hoge3/bigworld/app/models/gender.rb": [
        1,
        1,
        null
      ],
      "/home/vagrant/hoge3/bigworld/app/models/category.rb": [
        1,
        1,
        null
      ],
      "/home/vagrant/hoge3/bigworld/app/models/ware.rb": [
        1,
        1,
        1,
        null,
        1,
        1,
        null,
        null
      ],
      "/home/vagrant/hoge3/bigworld/app/channels/application_cable/channel.rb": [
        0,
        0,
        0,
        0
      ],
      "/home/vagrant/hoge3/bigworld/app/channels/application_cable/connection.rb": [
        0,
        0,
        0,
        0
      ],
      "/home/vagrant/hoge3/bigworld/app/controllers/static_pages_controller.rb": [
        0,
        0,
        0,
        null,
        0,
        0,
        0
      ],
      "/home/vagrant/hoge3/bigworld/app/controllers/carts_controller.rb": [
        0,
        null,
        null,
        0,
        null,
        0
      ],
      "/home/vagrant/hoge3/bigworld/app/controllers/sessions_controller.rb": [
        0,
        0,
        0,
        0,
        null,
        0,
        0,
        0,
        null,
        0,
        0,
        0,
        0,
        0,
        0,
        0,
        0,
        null,
        0,
        0,
        0,
        0,
        0
      ],
      "/home/vagrant/hoge3/bigworld/app/controllers/users_controller.rb": [
        0,
        0,
        0,
        0,
        0,
        0,
        0,
        null,
        0,
        0,
        0,
        null,
        0,
        0,
        0,
        null,
        0,
        0,
        0,
        0,
        0,
        0,
        0,
        null,
        0,
        0,
        0,
        null,
        0,
        0,
        0,
        null,
        0,
        0,
        0,
        0,
        0,
        0,
        null,
        0,
        0,
        0,
        null,
        0,
        null,
        null,
        0,
        0,
        0,
        0,
        null,
        null,
        0,
        0,
        0,
        0,
        0,
        null,
        0,
        0,
        0,
        0,
        0,
        0,
        0,
        null,
        0,
        0,
        0,
        0,
        null,
        0,
        0,
        0,
        0,
        null,
        0,
        0,
        0,
        0,
        null,
        0,
        0,
        0,
        null,
        0,
        0,
        0,
        null,
        0,
        0,
        0,
        0,
        0,
        0,
        0,
        null,
        0,
        0,
        null,
        0,
        0,
        0,
        null,
        0,
        0,
        null,
        null,
        null,
        null,
        0,
        0,
        null,
        0,
        0,
        0,
        0,
        0,
        0,
        null,
        0,
        0,
        0,
        0,
        0,
        0,
        0,
        0,
        null,
        0,
        null,
        0,
        0,
        0,
        0,
        0,
        0,
        null,
        null,
        null,
        null,
        0,
        0,
        0,
        0,
        0,
        0,
        0,
        null,
        null,
        0,
        0,
        0,
        null,
        null,
        0,
        0,
        0,
        0,
        null,
        0
      ],
      "/home/vagrant/hoge3/bigworld/app/jobs/application_job.rb": [
        0,
        0
      ],
      "/home/vagrant/hoge3/bigworld/app/mailers/application_mailer.rb": [
        0,
        0,
        0,
        0
      ],
      "/home/vagrant/hoge3/bigworld/app/mailers/user_mailer.rb": [
        0,
        null,
        0,
        0,
        0,
        0,
        null,
        0,
        0,
        0,
        0,
        0
      ],
      "/home/vagrant/hoge3/bigworld/app/models/favorite.rb": [
        0,
        0,
        0,
        0,
        0
      ],
      "/home/vagrant/hoge3/bigworld/app/models/order.rb": [
        0,
        0,
        0,
        0
      ],
      "/home/vagrant/hoge3/bigworld/app/models/reaction.rb": [
        0,
        0,
        0
      ],
      "/home/vagrant/hoge3/bigworld/app/models/size.rb": [
        0,
        0,
        0,
        null
      ],
      "/home/vagrant/hoge3/bigworld/app/models/cart.rb": [
        0,
        0,
        0,
        null,
        0,
        0,
        0,
        0,
        0,
        0
      ],
      "/home/vagrant/hoge3/bigworld/app/uploaders/picture_uploader.rb": [
        0,
        0,
        0,
        null,
        0,
        null,
        null,
        null,
        0,
        0,
        0,
        null,
        null,
        0,
        0,
        0,
        0
      ],
      "/home/vagrant/hoge3/bigworld/lib/tasks/sample_batch.rb": [
        0,
        null,
        0,
        0,
        0,
        0,
        0,
        0,
        0,
        0
      ]
    },
    "timestamp": 1573555252
  }
}
